TN:
SF:/home/jefferson/Documentos/profissional/fractal/fractal-frontend-test/webapp/src/actions/actions-factory.js
FN:1,getBeersRequest
FN:5,getBeerById
FNF:2
FNH:2
FNDA:20,getBeersRequest
FNDA:20,getBeerById
DA:2,20
DA:6,20
LF:2
LH:2
BRF:0
BRH:0
end_of_record
TN:
SF:/home/jefferson/Documentos/profissional/fractal/fractal-frontend-test/webapp/src/components/App/index.js
FN:12,(anonymous_0)
FNF:1
FNH:1
FNDA:11,(anonymous_0)
DA:13,11
DA:27,11
LF:2
LH:2
BRF:0
BRH:0
end_of_record
TN:
SF:/home/jefferson/Documentos/profissional/fractal/fractal-frontend-test/webapp/src/components/App/Footer/index.js
FN:6,(anonymous_0)
FNF:1
FNH:1
FNDA:11,(anonymous_0)
DA:7,11
LF:1
LH:1
BRF:0
BRH:0
end_of_record
TN:
SF:/home/jefferson/Documentos/profissional/fractal/fractal-frontend-test/webapp/src/components/App/Header/HeaderCart.js
FN:6,(anonymous_0)
FNF:1
FNH:1
FNDA:20,(anonymous_0)
DA:7,20
LF:1
LH:1
BRF:0
BRH:0
end_of_record
TN:
SF:/home/jefferson/Documentos/profissional/fractal/fractal-frontend-test/webapp/src/components/App/Header/HeaderLogo.js
FN:7,(anonymous_0)
FNF:1
FNH:1
FNDA:30,(anonymous_0)
DA:8,30
LF:1
LH:1
BRF:0
BRH:0
end_of_record
TN:
SF:/home/jefferson/Documentos/profissional/fractal/fractal-frontend-test/webapp/src/components/App/Header/HeaderNav.js
FN:7,(anonymous_0)
FNF:1
FNH:1
FNDA:30,(anonymous_0)
DA:8,30
LF:1
LH:1
BRF:0
BRH:0
end_of_record
TN:
SF:/home/jefferson/Documentos/profissional/fractal/fractal-frontend-test/webapp/src/components/App/Header/index.js
FN:10,(anonymous_0)
FNF:1
FNH:1
FNDA:11,(anonymous_0)
DA:11,11
LF:1
LH:1
BRF:0
BRH:0
end_of_record
TN:
SF:/home/jefferson/Documentos/profissional/fractal/fractal-frontend-test/webapp/src/components/BeerDetail/Breadcrumb.js
FN:8,(anonymous_0)
FNF:1
FNH:1
FNDA:40,(anonymous_0)
DA:9,40
LF:1
LH:1
BRF:0
BRH:0
end_of_record
TN:
SF:/home/jefferson/Documentos/profissional/fractal/fractal-frontend-test/webapp/src/components/BeerDetail/index.js
FN:13,(anonymous_0)
FN:18,(anonymous_1)
FN:19,(anonymous_2)
FN:24,(anonymous_3)
FN:28,(anonymous_4)
FN:32,(anonymous_5)
FN:36,(anonymous_6)
FNF:7
FNH:6
FNDA:40,(anonymous_0)
FNDA:50,(anonymous_1)
FNDA:0,(anonymous_2)
FNDA:40,(anonymous_3)
FNDA:50,(anonymous_4)
FNDA:10,(anonymous_5)
FNDA:50,(anonymous_6)
DA:14,40
DA:15,40
DA:19,50
DA:20,0
DA:25,40
DA:29,50
DA:33,10
DA:37,50
DA:55,11
LF:9
LH:8
BRF:0
BRH:0
end_of_record
TN:
SF:/home/jefferson/Documentos/profissional/fractal/fractal-frontend-test/webapp/src/components/Beers/BeerItem.js
FN:7,(anonymous_0)
FNF:1
FNH:1
FNDA:10,(anonymous_0)
DA:8,10
LF:1
LH:1
BRF:0
BRH:0
end_of_record
TN:
SF:/home/jefferson/Documentos/profissional/fractal/fractal-frontend-test/webapp/src/components/Beers/SearchBeerInput.js
FN:9,(anonymous_0)
FN:17,(anonymous_1)
FN:22,(anonymous_2)
FN:26,(anonymous_3)
FN:32,(anonymous_4)
FN:44,(anonymous_5)
FN:51,(anonymous_6)
FN:55,(anonymous_7)
FN:59,(anonymous_8)
FN:66,(anonymous_9)
FN:78,(anonymous_10)
FN:89,(anonymous_11)
FNF:12
FNH:11
FNDA:35,(anonymous_0)
FNDA:35,(anonymous_1)
FNDA:10,(anonymous_2)
FNDA:5,(anonymous_3)
FNDA:45,(anonymous_4)
FNDA:50,(anonymous_5)
FNDA:50,(anonymous_6)
FNDA:40,(anonymous_7)
FNDA:10,(anonymous_8)
FNDA:55,(anonymous_9)
FNDA:45,(anonymous_10)
FNDA:0,(anonymous_11)
DA:10,35
DA:11,35
DA:14,35
DA:18,35
DA:23,10
DA:27,5
DA:28,5
DA:33,45
DA:34,45
DA:37,45
DA:45,50
DA:46,5
DA:47,5
DA:52,50
DA:56,40
DA:60,10
DA:67,55
DA:74,55
DA:79,45
DA:89,0
LF:20
LH:19
BRDA:45,0,0,5
BRDA:45,0,1,45
BRDA:45,1,0,50
BRDA:45,1,1,40
BRDA:56,2,0,40
BRDA:56,2,1,5
BRF:6
BRH:6
end_of_record
TN:
SF:/home/jefferson/Documentos/profissional/fractal/fractal-frontend-test/webapp/src/components/Beers/index.js
FN:15,(anonymous_0)
FN:21,(anonymous_1)
FN:25,(anonymous_2)
FN:30,(anonymous_3)
FN:43,(anonymous_4)
FN:48,(anonymous_5)
FN:49,(anonymous_6)
FN:55,(anonymous_7)
FN:59,(anonymous_8)
FN:65,(anonymous_9)
FN:76,(anonymous_10)
FN:77,(anonymous_11)
FN:84,(anonymous_12)
FNF:13
FNH:12
FNDA:28,(anonymous_0)
FNDA:5,(anonymous_1)
FNDA:28,(anonymous_2)
FNDA:5,(anonymous_3)
FNDA:1,(anonymous_4)
FNDA:28,(anonymous_5)
FNDA:0,(anonymous_6)
FNDA:28,(anonymous_7)
FNDA:1,(anonymous_8)
FNDA:70,(anonymous_9)
FNDA:68,(anonymous_10)
FNDA:10,(anonymous_11)
FNDA:68,(anonymous_12)
DA:16,28
DA:17,28
DA:18,28
DA:22,5
DA:26,28
DA:27,28
DA:31,5
DA:32,5
DA:44,1
DA:45,1
DA:49,28
DA:50,0
DA:51,0
DA:56,28
DA:60,1
DA:66,70
DA:67,68
DA:73,2
DA:77,68
DA:78,10
DA:85,68
DA:101,11
LF:22
LH:20
BRDA:66,0,0,68
BRDA:66,0,1,2
BRF:2
BRH:2
end_of_record
TN:
SF:/home/jefferson/Documentos/profissional/fractal/fractal-frontend-test/webapp/src/components/Home/HomeBotleBanner.js
FN:6,(anonymous_0)
FNF:1
FNH:1
FNDA:20,(anonymous_0)
DA:7,20
LF:1
LH:1
BRF:0
BRH:0
end_of_record
TN:
SF:/home/jefferson/Documentos/profissional/fractal/fractal-frontend-test/webapp/src/components/Home/HomePresentation.js
FN:8,(anonymous_0)
FNF:1
FNH:1
FNDA:30,(anonymous_0)
DA:9,30
LF:1
LH:1
BRF:0
BRH:0
end_of_record
TN:
SF:/home/jefferson/Documentos/profissional/fractal/fractal-frontend-test/webapp/src/components/Home/index.js
FN:10,(anonymous_0)
FNF:1
FNH:1
FNDA:10,(anonymous_0)
DA:11,10
LF:1
LH:1
BRF:0
BRH:0
end_of_record
TN:
SF:/home/jefferson/Documentos/profissional/fractal/fractal-frontend-test/webapp/src/components/shared/RadioButton.js
FN:4,(anonymous_0)
FNF:1
FNH:1
FNDA:10,(anonymous_0)
DA:5,10
LF:1
LH:1
BRF:0
BRH:0
end_of_record
TN:
SF:/home/jefferson/Documentos/profissional/fractal/fractal-frontend-test/webapp/src/services/Beers.service.js
FN:21,(anonymous_0)
FN:33,(anonymous_1)
FN:37,(anonymous_2)
FN:38,(anonymous_3)
FN:52,(anonymous_4)
FN:53,(anonymous_5)
FN:55,(anonymous_6)
FN:56,(anonymous_7)
FNF:8
FNH:8
FNDA:43,(anonymous_0)
FNDA:10,(anonymous_1)
FNDA:10,(anonymous_2)
FNDA:10,(anonymous_3)
FNDA:40,(anonymous_4)
FNDA:10,(anonymous_5)
FNDA:10,(anonymous_6)
FNDA:10,(anonymous_7)
DA:24,43
DA:29,43
DA:30,15
DA:33,43
DA:34,10
DA:37,10
DA:39,10
DA:40,0
DA:53,40
DA:54,10
DA:55,10
DA:57,10
DA:58,0
LF:13
LH:11
BRDA:29,0,0,15
BRDA:29,0,1,28
BRF:2
BRH:2
end_of_record
TN:
SF:/home/jefferson/Documentos/profissional/fractal/fractal-frontend-test/webapp/src/services/index.js
FNF:0
FNH:0
LF:0
LH:0
BRF:0
BRH:0
end_of_record
TN:
SF:/home/jefferson/Documentos/profissional/fractal/fractal-frontend-test/webapp/src/tests/utils/beers-mock.js
FN:1,beersMock
FNF:1
FNH:1
FNDA:40,beersMock
DA:2,40
LF:1
LH:1
BRF:0
BRH:0
end_of_record
TN:
SF:/home/jefferson/Documentos/profissional/fractal/fractal-frontend-test/webapp/src/tests/utils/index.js
FNF:0
FNH:0
LF:0
LH:0
BRF:0
BRH:0
end_of_record
TN:
SF:/home/jefferson/Documentos/profissional/fractal/fractal-frontend-test/webapp/src/tests/utils/shallowWithStore.js
FN:3,shallowWithStore
FNF:1
FNH:1
FNDA:68,shallowWithStore
DA:4,68
DA:7,68
DA:12,68
LF:3
LH:3
BRF:0
BRH:0
end_of_record
